FASTDDS wstr  xcdr2-le len=28  ->  /tmp/oracle-endian/out/wstr.xcdr2-le.fastdds.bin
FASTDDS wstr  xcdr2-be len=28  ->  /tmp/oracle-endian/out/wstr.xcdr2-be.fastdds.bin
FASTDDS wstr  xcdr1-le len=24  ->  /tmp/oracle-endian/out/wstr.xcdr1-le.fastdds.bin
FASTDDS wstr  xcdr1-be len=24  ->  /tmp/oracle-endian/out/wstr.xcdr1-be.fastdds.bin
FASTDDS mut   xcdr2-le len=35  ->  /tmp/oracle-endian/out/mut.xcdr2-le.fastdds.bin
FASTDDS mut   xcdr2-be len=35  ->  /tmp/oracle-endian/out/mut.xcdr2-be.fastdds.bin
FASTDDS mut   xcdr1-le len=36  ->  /tmp/oracle-endian/out/mut.xcdr1-le.fastdds.bin
FASTDDS mut   xcdr1-be len=36  ->  /tmp/oracle-endian/out/mut.xcdr1-be.fastdds.bin
FASTDDS bits  xcdr2-le len=9  ->  /tmp/oracle-endian/out/bits.xcdr2-le.fastdds.bin
FASTDDS bits  xcdr2-be len=9  ->  /tmp/oracle-endian/out/bits.xcdr2-be.fastdds.bin
FASTDDS bits  xcdr1-le len=5  ->  /tmp/oracle-endian/out/bits.xcdr1-le.fastdds.bin
FASTDDS bits  xcdr1-be len=5  ->  /tmp/oracle-endian/out/bits.xcdr1-be.fastdds.bin
FASTDDS arr   xcdr2-le len=56  ->  /tmp/oracle-endian/out/arr.xcdr2-le.fastdds.bin
FASTDDS arr   xcdr2-be len=56  ->  /tmp/oracle-endian/out/arr.xcdr2-be.fastdds.bin
FASTDDS arr   xcdr1-le len=40  ->  /tmp/oracle-endian/out/arr.xcdr1-le.fastdds.bin
FASTDDS arr   xcdr1-be len=40  ->  /tmp/oracle-endian/out/arr.xcdr1-be.fastdds.bin
FASTDDS prim  xcdr2-le len=51  ->  /tmp/oracle-endian/out/prim.xcdr2-le.fastdds.bin
FASTDDS prim  xcdr2-be len=51  ->  /tmp/oracle-endian/out/prim.xcdr2-be.fastdds.bin
FASTDDS prim  xcdr1-le len=51  ->  /tmp/oracle-endian/out/prim.xcdr1-le.fastdds.bin
FASTDDS prim  xcdr1-be len=51  ->  /tmp/oracle-endian/out/prim.xcdr1-be.fastdds.bin
